<?xml version="1.0" encoding="UTF-8"?>
<testsuite name="com.virtuslab.internship.receipt.ReceiptGeneratorTest" tests="1" skipped="0" failures="0" errors="0" timestamp="2022-04-17T13:39:56" hostname="DESKTOP-3KKM53H" time="0.005">
  <properties/>
  <testcase name="shouldGenerateReceiptForGivenBasket()" classname="com.virtuslab.internship.receipt.ReceiptGeneratorTest" time="0.005"/>
  <system-out><![CDATA[]]></system-out>
  <system-err><![CDATA[]]></system-err>
</testsuite>
